0 info it worked if it ends with ok
1 verbose cli [
1 verbose cli   'D:\\Develop\\node.exe',
1 verbose cli   'C:\\Users\\86183\\XXX\\nodejs\\node_global\\node_modules\\npm\\bin\\npm-cli.js',
1 verbose cli   'run',
1 verbose cli   'serve'
1 verbose cli ]
2 info using npm@6.14.2
3 info using node@v12.12.0
4 verbose run-script [ 'preserve', 'serve', 'postserve' ]
5 info lifecycle miaomiao@0.1.0~preserve: miaomiao@0.1.0
6 info lifecycle miaomiao@0.1.0~serve: miaomiao@0.1.0
7 verbose lifecycle miaomiao@0.1.0~serve: unsafe-perm in lifecycle true
8 verbose lifecycle miaomiao@0.1.0~serve: PATH: C:\Users\86183\XXX\nodejs\node_global\node_modules\npm\node_modules\npm-lifecycle\node-gyp-bin;C:\Users\86183\Desktop\notebook\vue练习\miaomiao\node_modules\.bin;C:\Program Files (x86)\Intel\Intel(R) Management Engine Components\iCLS\;C:\Program Files\Intel\Intel(R) Management Engine Components\iCLS\;C:\Windows\system32;C:\Windows;C:\Windows\System32\Wbem;C:\Windows\System32\WindowsPowerShell\v1.0\;C:\Windows\System32\OpenSSH\;C:\Program Files (x86)\Intel\Intel(R) Management Engine Components\DAL;C:\Program Files\Intel\Intel(R) Management Engine Components\DAL;C:\Program Files (x86)\Intel\Intel(R) Management Engine Components\IPT;C:\Program Files\Intel\Intel(R) Management Engine Components\IPT;C:\Program Files (x86)\NVIDIA Corporation\PhysX\Common;C:\Program Files\Intel\WiFi\bin\;C:\Program Files\Common Files\Intel\WirelessCommon\;C:\WINDOWS\system32;C:\WINDOWS;C:\WINDOWS\System32\Wbem;C:\WINDOWS\System32\WindowsPowerShell\v1.0\;C:\WINDOWS\System32\OpenSSH\;D:\Develop\;D:\Git\cmd;C:\Program Files\MongoDB\Server\4.2\bin;C:\Users\86183\XXX\nodejs\node_global;C:\Users\86183\AppData\Local\Programs\Python\Python37\Scripts\;C:\Users\86183\AppData\Local\Programs\Python\Python37\;C:\Users\86183\AppData\Local\Microsoft\WindowsApps;C:\Program Files\Intel\WiFi\bin\;C:\Program Files\Common Files\Intel\WirelessCommon\;C:\Users\86183\AppData\Roaming\npm;D:\VS code\Microsoft VS Code\bin;C:\Program Files\MongoDB\Server\4.2\bin;C:\Users\86183\XXX\nodejs\node_global;
9 verbose lifecycle miaomiao@0.1.0~serve: CWD: C:\Users\86183\Desktop\notebook\vue练习\miaomiao
10 silly lifecycle miaomiao@0.1.0~serve: Args: [ '/d /s /c', 'vue-cli-service serve' ]
11 silly lifecycle miaomiao@0.1.0~serve: Returned: code: 1  signal: null
12 info lifecycle miaomiao@0.1.0~serve: Failed to exec serve script
13 verbose stack Error: miaomiao@0.1.0 serve: `vue-cli-service serve`
13 verbose stack Exit status 1
13 verbose stack     at EventEmitter.<anonymous> (C:\Users\86183\XXX\nodejs\node_global\node_modules\npm\node_modules\npm-lifecycle\index.js:332:16)
13 verbose stack     at EventEmitter.emit (events.js:210:5)
13 verbose stack     at ChildProcess.<anonymous> (C:\Users\86183\XXX\nodejs\node_global\node_modules\npm\node_modules\npm-lifecycle\lib\spawn.js:55:14)
13 verbose stack     at ChildProcess.emit (events.js:210:5)
13 verbose stack     at maybeClose (internal/child_process.js:1021:16)
13 verbose stack     at Process.ChildProcess._handle.onexit (internal/child_process.js:283:5)
14 verbose pkgid miaomiao@0.1.0
15 verbose cwd C:\Users\86183\Desktop\notebook\vue练习\miaomiao
16 verbose Windows_NT 10.0.18362
17 verbose argv "D:\\Develop\\node.exe" "C:\\Users\\86183\\XXX\\nodejs\\node_global\\node_modules\\npm\\bin\\npm-cli.js" "run" "serve"
18 verbose node v12.12.0
19 verbose npm  v6.14.2
20 error code ELIFECYCLE
21 error errno 1
22 error miaomiao@0.1.0 serve: `vue-cli-service serve`
22 error Exit status 1
23 error Failed at the miaomiao@0.1.0 serve script.
23 error This is probably not a problem with npm. There is likely additional logging output above.
24 verbose exit [ 1, true ]
